[debug] [2025-08-09T10:04:46.781Z] ----------------------------------------------------------------------
[debug] [2025-08-09T10:04:46.784Z] Command:       C:\nvm4w\nodejs\node.exe C:\nvm4w\nodejs\node_modules\firebase-tools\lib\bin\firebase.js deploy --only functions
[debug] [2025-08-09T10:04:46.784Z] CLI Version:   14.12.0
[debug] [2025-08-09T10:04:46.784Z] Platform:      win32
[debug] [2025-08-09T10:04:46.784Z] Node Version:  v20.19.4
[debug] [2025-08-09T10:04:46.784Z] Time:          Sat Aug 09 2025 19:04:46 GMT+0900 (대한민국 표준시)
[debug] [2025-08-09T10:04:46.784Z] ----------------------------------------------------------------------
[debug] 
[debug] [2025-08-09T10:04:46.913Z] > command requires scopes: ["email","openid","https://www.googleapis.com/auth/cloudplatformprojects.readonly","https://www.googleapis.com/auth/firebase","https://www.googleapis.com/auth/cloud-platform"]
[debug] [2025-08-09T10:04:46.913Z] > authorizing via signed-in user (sjrodem@gmail.com)
[debug] [2025-08-09T10:04:46.913Z] [iam] checking project saltmate-project for permissions ["cloudfunctions.functions.create","cloudfunctions.functions.delete","cloudfunctions.functions.get","cloudfunctions.functions.list","cloudfunctions.functions.update","cloudfunctions.operations.get","firebase.projects.get"]
[debug] [2025-08-09T10:04:46.914Z] Checked if tokens are valid: false, expires at: 1754734126647
[debug] [2025-08-09T10:04:46.914Z] Checked if tokens are valid: false, expires at: 1754734126647
[debug] [2025-08-09T10:04:46.914Z] > refreshing access token with scopes: []
[debug] [2025-08-09T10:04:46.916Z] >>> [apiv2][query] POST https://www.googleapis.com/oauth2/v3/token [none]
[debug] [2025-08-09T10:04:46.916Z] >>> [apiv2][body] POST https://www.googleapis.com/oauth2/v3/token [omitted]
[debug] [2025-08-09T10:04:47.140Z] <<< [apiv2][status] POST https://www.googleapis.com/oauth2/v3/token 200
[debug] [2025-08-09T10:04:47.140Z] <<< [apiv2][body] POST https://www.googleapis.com/oauth2/v3/token [omitted]
[debug] [2025-08-09T10:04:47.164Z] >>> [apiv2][query] POST https://cloudresourcemanager.googleapis.com/v1/projects/saltmate-project:testIamPermissions [none]
[debug] [2025-08-09T10:04:47.164Z] >>> [apiv2][(partial)header] POST https://cloudresourcemanager.googleapis.com/v1/projects/saltmate-project:testIamPermissions x-goog-quota-user=projects/saltmate-project
[debug] [2025-08-09T10:04:47.164Z] >>> [apiv2][body] POST https://cloudresourcemanager.googleapis.com/v1/projects/saltmate-project:testIamPermissions {"permissions":["cloudfunctions.functions.create","cloudfunctions.functions.delete","cloudfunctions.functions.get","cloudfunctions.functions.list","cloudfunctions.functions.update","cloudfunctions.operations.get","firebase.projects.get"]}
[debug] [2025-08-09T10:04:47.379Z] <<< [apiv2][status] POST https://cloudresourcemanager.googleapis.com/v1/projects/saltmate-project:testIamPermissions 200
[debug] [2025-08-09T10:04:47.379Z] <<< [apiv2][body] POST https://cloudresourcemanager.googleapis.com/v1/projects/saltmate-project:testIamPermissions {"permissions":["cloudfunctions.functions.create","cloudfunctions.functions.delete","cloudfunctions.functions.get","cloudfunctions.functions.list","cloudfunctions.functions.update","cloudfunctions.operations.get","firebase.projects.get"]}
[debug] [2025-08-09T10:04:47.379Z] Checked if tokens are valid: true, expires at: 1754737486141
[debug] [2025-08-09T10:04:47.379Z] Checked if tokens are valid: true, expires at: 1754737486141
[debug] [2025-08-09T10:04:47.379Z] >>> [apiv2][query] POST https://iam.googleapis.com/v1/projects/saltmate-project/serviceAccounts/saltmate-project@appspot.gserviceaccount.com:testIamPermissions [none]
[debug] [2025-08-09T10:04:47.379Z] >>> [apiv2][body] POST https://iam.googleapis.com/v1/projects/saltmate-project/serviceAccounts/saltmate-project@appspot.gserviceaccount.com:testIamPermissions {"permissions":["iam.serviceAccounts.actAs"]}
[debug] [2025-08-09T10:04:48.466Z] <<< [apiv2][status] POST https://iam.googleapis.com/v1/projects/saltmate-project/serviceAccounts/saltmate-project@appspot.gserviceaccount.com:testIamPermissions 200
[debug] [2025-08-09T10:04:48.466Z] <<< [apiv2][body] POST https://iam.googleapis.com/v1/projects/saltmate-project/serviceAccounts/saltmate-project@appspot.gserviceaccount.com:testIamPermissions {"permissions":["iam.serviceAccounts.actAs"]}
[info] 
[info] === Deploying to 'saltmate-project'...
[info] 
[info] i  deploying functions 
[debug] [2025-08-09T10:04:48.468Z] Checked if tokens are valid: true, expires at: 1754737486141
[debug] [2025-08-09T10:04:48.469Z] Checked if tokens are valid: true, expires at: 1754737486141
[debug] [2025-08-09T10:04:48.469Z] >>> [apiv2][query] GET https://cloudresourcemanager.googleapis.com/v1/projects/saltmate-project [none]
[debug] [2025-08-09T10:04:48.672Z] <<< [apiv2][status] GET https://cloudresourcemanager.googleapis.com/v1/projects/saltmate-project 200
[debug] [2025-08-09T10:04:48.672Z] <<< [apiv2][body] GET https://cloudresourcemanager.googleapis.com/v1/projects/saltmate-project {"projectNumber":"285568911553","projectId":"saltmate-project","lifecycleState":"ACTIVE","name":"saltmate-project","labels":{"firebase":"enabled","firebase-core":"disabled"},"createTime":"2025-07-26T11:07:42.882928Z"}
[info] i  functions: preparing codebase default for deployment 
[info] i  functions: ensuring required API cloudfunctions.googleapis.com is enabled... 
[info] i  functions: ensuring required API cloudbuild.googleapis.com is enabled... 
[info] i  artifactregistry: ensuring required API artifactregistry.googleapis.com is enabled... 
[debug] [2025-08-09T10:04:48.674Z] Checked if tokens are valid: true, expires at: 1754737486141
[debug] [2025-08-09T10:04:48.674Z] Checked if tokens are valid: true, expires at: 1754737486141
[debug] [2025-08-09T10:04:48.674Z] >>> [apiv2][query] GET https://firebase.googleapis.com/v1beta1/projects/saltmate-project/adminSdkConfig [none]
[debug] [2025-08-09T10:04:49.294Z] <<< [apiv2][status] GET https://firebase.googleapis.com/v1beta1/projects/saltmate-project/adminSdkConfig 200
[debug] [2025-08-09T10:04:49.294Z] <<< [apiv2][body] GET https://firebase.googleapis.com/v1beta1/projects/saltmate-project/adminSdkConfig {"projectId":"saltmate-project","storageBucket":"saltmate-project.firebasestorage.app"}
[debug] [2025-08-09T10:04:49.295Z] Checked if tokens are valid: true, expires at: 1754737486141
[debug] [2025-08-09T10:04:49.295Z] Checked if tokens are valid: true, expires at: 1754737486141
[debug] [2025-08-09T10:04:49.295Z] >>> [apiv2][query] GET https://runtimeconfig.googleapis.com/v1beta1/projects/saltmate-project/configs [none]
[debug] [2025-08-09T10:04:49.729Z] <<< [apiv2][status] GET https://runtimeconfig.googleapis.com/v1beta1/projects/saltmate-project/configs 200
[debug] [2025-08-09T10:04:49.729Z] <<< [apiv2][body] GET https://runtimeconfig.googleapis.com/v1beta1/projects/saltmate-project/configs {}
[debug] [2025-08-09T10:04:49.730Z] Validating nodejs source
[warn] !  functions: package.json indicates an outdated version of firebase-functions. Please upgrade using npm install --save firebase-functions@latest in your functions directory. 
[warn] !  functions: Please note that there will be breaking changes when you upgrade. 
[debug] [2025-08-09T10:04:50.437Z] > [functions] package.json contents: {
  "name": "functions",
  "description": "Cloud Functions for Firebase",
  "scripts": {
    "lint": "eslint .",
    "serve": "firebase emulators:start --only functions",
    "shell": "firebase functions:shell",
    "start": "npm run shell",
    "deploy": "firebase deploy --only functions",
    "logs": "firebase functions:log"
  },
  "engines": {
    "node": "20"
  },
  "main": "index.js",
  "dependencies": {
    "busboy": "^1.6.0",
    "firebase-admin": "^11.11.1",
    "firebase-functions": "^4.9.0"
  },
  "devDependencies": {
    "eslint": "^8.15.0",
    "eslint-config-google": "^0.14.0",
    "firebase-functions-test": "^3.1.0"
  },
  "private": true
}
[debug] [2025-08-09T10:04:50.437Z] Building nodejs source
[info] i  functions: Loading and analyzing source code for codebase default to determine what to deploy 
[info] i  functions: You are using a version of firebase-functions SDK (4.9.0) that does not have support for the newest Firebase Extensions features. Please update firebase-functions SDK to >=5.1.0 to use them correctly 
[debug] [2025-08-09T10:04:50.438Z] Could not find functions.yaml. Must use http discovery
[debug] [2025-08-09T10:04:50.445Z] Found firebase-functions binary at 'g:\projects\functions\node_modules\.bin\firebase-functions'
[info] Serving at port 8113

[debug] [2025-08-09T10:04:50.820Z] Got response from /__/functions.yaml {"endpoints":{"createNewUser":{"platform":"gcfv1","labels":{},"availableMemoryMb":null,"timeoutSeconds":null,"minInstances":null,"maxInstances":null,"ingressSettings":null,"serviceAccountEmail":null,"vpc":null,"callableTrigger":{},"entryPoint":"createNewUser"},"requestSubscriptionUpgrade":{"platform":"gcfv1","labels":{},"availableMemoryMb":null,"timeoutSeconds":null,"minInstances":null,"maxInstances":null,"ingressSettings":null,"serviceAccountEmail":null,"vpc":null,"callableTrigger":{},"entryPoint":"requestSubscriptionUpgrade"},"onSubscriptionApproved":{"platform":"gcfv1","availableMemoryMb":null,"timeoutSeconds":null,"minInstances":null,"maxInstances":null,"ingressSettings":null,"serviceAccountEmail":null,"vpc":null,"eventTrigger":{"eventType":"providers/cloud.firestore/eventTypes/document.update","eventFilters":{"resource":"projects/saltmate-project/databases/(default)/documents/subscription_requests/{requestId}"},"retry":false},"labels":{},"entryPoint":"onSubscriptionApproved"},"generateWeeklyPayouts":{"platform":"gcfv1","availableMemoryMb":1024,"timeoutSeconds":300,"minInstances":null,"maxInstances":null,"ingressSettings":null,"serviceAccountEmail":null,"vpc":null,"scheduleTrigger":{"schedule":"every monday 01:00","retryConfig":{"retryCount":null,"maxDoublings":null,"maxRetryDuration":null,"maxBackoffDuration":null,"minBackoffDuration":null},"timeZone":"Asia/Seoul"},"labels":{},"entryPoint":"generateWeeklyPayouts"},"onWeeklyPayoutApproved":{"platform":"gcfv1","availableMemoryMb":null,"timeoutSeconds":null,"minInstances":null,"maxInstances":null,"ingressSettings":null,"serviceAccountEmail":null,"vpc":null,"eventTrigger":{"eventType":"providers/cloud.firestore/eventTypes/document.update","eventFilters":{"resource":"projects/saltmate-project/databases/(default)/documents/weekly_payout_requests/{payoutId}"},"retry":false},"labels":{},"entryPoint":"onWeeklyPayoutApproved"},"setUserAdminClaim":{"platform":"gcfv1","labels":{},"availableMemoryMb":null,"timeoutSeconds":null,"minInstances":null,"maxInstances":null,"ingressSettings":null,"serviceAccountEmail":null,"vpc":null,"callableTrigger":{},"entryPoint":"setUserAdminClaim"},"updateTokenSupply":{"platform":"gcfv1","labels":{},"availableMemoryMb":null,"timeoutSeconds":null,"minInstances":null,"maxInstances":null,"ingressSettings":null,"serviceAccountEmail":null,"vpc":null,"callableTrigger":{},"entryPoint":"updateTokenSupply"},"transferTokensToUser":{"platform":"gcfv1","labels":{},"availableMemoryMb":null,"timeoutSeconds":null,"minInstances":null,"maxInstances":null,"ingressSettings":null,"serviceAccountEmail":null,"vpc":null,"callableTrigger":{},"entryPoint":"transferTokensToUser"},"adjustUserBalance":{"platform":"gcfv1","labels":{},"availableMemoryMb":null,"timeoutSeconds":null,"minInstances":null,"maxInstances":null,"ingressSettings":null,"serviceAccountEmail":null,"vpc":null,"callableTrigger":{},"entryPoint":"adjustUserBalance"},"placeOrder":{"platform":"gcfv1","labels":{},"availableMemoryMb":null,"timeoutSeconds":null,"minInstances":null,"maxInstances":null,"ingressSettings":null,"serviceAccountEmail":null,"vpc":null,"callableTrigger":{},"entryPoint":"placeOrder"},"uploadProductImage":{"platform":"gcfv1","labels":{},"availableMemoryMb":null,"timeoutSeconds":null,"minInstances":null,"maxInstances":null,"ingressSettings":null,"serviceAccountEmail":null,"vpc":null,"callableTrigger":{},"entryPoint":"uploadProductImage"},"spinRoulette":{"platform":"gcfv1","labels":{},"availableMemoryMb":null,"timeoutSeconds":null,"minInstances":null,"maxInstances":null,"ingressSettings":null,"serviceAccountEmail":null,"vpc":null,"callableTrigger":{},"entryPoint":"spinRoulette"}},"specVersion":"v1alpha1","requiredAPIs":[{"api":"cloudscheduler.googleapis.com","reason":"Needed for scheduled functions."}]}
[info] i  functions: preparing functions directory for uploading... 
[info] i  functions: packaged g:\projects\functions (88.79 KB) for uploading 
[debug] [2025-08-09T10:04:54.902Z] Checked if tokens are valid: true, expires at: 1754737486141
[debug] [2025-08-09T10:04:54.903Z] Checked if tokens are valid: true, expires at: 1754737486141
[debug] [2025-08-09T10:04:54.903Z] >>> [apiv2][query] GET https://cloudfunctions.googleapis.com/v1/projects/saltmate-project/locations/-/functions [none]
